[35m[1mConsolidate compiler generated dependencies of target h10w_controller_test[0m
[  3%] [32mBuilding CXX object CMakeFiles/h10w_controller_test.dir/Environment/base/case_api.cpp.o[0m
In file included from [01m[K/home/lizhou/Desktop/Humanoid/H10_W/h10_sdk/H10w_controller/Environment/base/case_api.h:4[m[K,
                 from [01m[K/home/lizhou/Desktop/Humanoid/H10_W/h10_sdk/H10w_controller/Environment/base/case_api.cpp:1[m[K:
[01m[K/home/lizhou/Desktop/Humanoid/H10_W/h10_sdk/H10w_controller/Environment/base/case_def.h:20:66:[m[K [01;35m[Kwarning: [m[Kbackslash-newline at end of file
   20 | #define GTEST_CASE(case_group, case_name, desc)                  \
      |                                                                   
[01m[K/home/lizhou/Desktop/Humanoid/H10_W/h10_sdk/H10w_controller/Environment/base/case_api.cpp:[m[K In function â€˜[01m[Kbool save_html_report(const string&, const TestTaskConfig&)[m[Kâ€™:
[01m[K/home/lizhou/Desktop/Humanoid/H10_W/h10_sdk/H10w_controller/Environment/base/case_api.cpp:175:66:[m[K [01;31m[Kerror: [m[Kâ€˜[01m[Kå±•å¼€[m[Kâ€™ was not declared in this scope
  175 |   <span class="toggle" onclick="toggleDetail('d)" << i << R"(')">[01;31m[Kå±•å¼€[m[K</span>
      |                                                                  [01;31m[K^~~~[m[K
[01m[K/home/lizhou/Desktop/Humanoid/H10_W/h10_sdk/H10w_controller/Environment/base/case_api.cpp:175:71:[m[K [01;31m[Kerror: [m[Kexpected primary-expression before â€˜[01m[K/[m[Kâ€™ token
  175 |   <span class="toggle" onclick="toggleDetail('d)" << i << R"(')">å±•å¼€<[01;31m[K/[m[Kspan>
      |                                                                       [01;31m[K^[m[K
[01m[K/home/lizhou/Desktop/Humanoid/H10_W/h10_sdk/H10w_controller/Environment/base/case_api.cpp:175:72:[m[K [01;31m[Kerror: [m[Kâ€˜[01m[Kspan[m[Kâ€™ was not declared in this scope
  175 |   <span class="toggle" onclick="toggleDetail('d)" << i << R"(')">å±•å¼€</[01;31m[Kspan[m[K>
      |                                                                        [01;31m[K^~~~[m[K
[01m[K/home/lizhou/Desktop/Humanoid/H10_W/h10_sdk/H10w_controller/Environment/base/case_api.cpp:176:1:[m[K [01;31m[Kerror: [m[Kexpected primary-expression before â€˜[01m[K<[m[Kâ€™ token
  176 | [01;31m[K<[m[K/div>
      | [01;31m[K^[m[K
[01m[K/home/lizhou/Desktop/Humanoid/H10_W/h10_sdk/H10w_controller/Environment/base/case_api.cpp:176:2:[m[K [01;31m[Kerror: [m[Kexpected primary-expression before â€˜[01m[K/[m[Kâ€™ token
  176 | <[01;31m[K/[m[Kdiv>
      |  [01;31m[K^[m[K
[01m[K/home/lizhou/Desktop/Humanoid/H10_W/h10_sdk/H10w_controller/Environment/base/case_api.cpp:177:1:[m[K [01;31m[Kerror: [m[Kexpected primary-expression before â€˜[01m[K<[m[Kâ€™ token
  177 | [01;31m[K<[m[Kdiv id="d)" << i << R"('" class="detail">
      | [01;31m[K^[m[K
gmake[2]: *** [CMakeFiles/h10w_controller_test.dir/build.make:76ï¼šCMakeFiles/h10w_controller_test.dir/Environment/base/case_api.cpp.o] é”™è¯¯ 1
gmake[1]: *** [CMakeFiles/Makefile2:137ï¼šCMakeFiles/h10w_controller_test.dir/all] é”™è¯¯ 2
gmake: *** [Makefile:146ï¼šall] é”™è¯¯ 2
