[0.008s] Invoking command in '/home/lizhou/Desktop/Humanoid/H10_W/h10_sdk/H10w_controller/build/h10w_controller_test': CMAKE_PREFIX_PATH=${CMAKE_PREFIX_PATH}:/opt/ros/humble /usr/bin/cmake --build /home/lizhou/Desktop/Humanoid/H10_W/h10_sdk/H10w_controller/build/h10w_controller_test -- -j12 -l12
[0.058s] [35m[1mConsolidate compiler generated dependencies of target h10w_controller_test[0m
[0.111s] [  3%] [32mBuilding CXX object CMakeFiles/h10w_controller_test.dir/Environment/base/case_api.cpp.o[0m
[0.196s] In file included from [01m[K/home/lizhou/Desktop/Humanoid/H10_W/h10_sdk/H10w_controller/Environment/base/case_api.h:4[m[K,
[0.196s]                  from [01m[K/home/lizhou/Desktop/Humanoid/H10_W/h10_sdk/H10w_controller/Environment/base/case_api.cpp:1[m[K:
[0.196s] [01m[K/home/lizhou/Desktop/Humanoid/H10_W/h10_sdk/H10w_controller/Environment/base/case_def.h:20:66:[m[K [01;35m[Kwarning: [m[Kbackslash-newline at end of file
[0.196s]    20 | #define GTEST_CASE(case_group, case_name, desc)                  \
[0.196s]       |                                                                   
[0.586s] [01m[K/home/lizhou/Desktop/Humanoid/H10_W/h10_sdk/H10w_controller/Environment/base/case_api.cpp:[m[K In function â€˜[01m[Kbool save_html_report(const string&, const TestTaskConfig&)[m[Kâ€™:
[0.586s] [01m[K/home/lizhou/Desktop/Humanoid/H10_W/h10_sdk/H10w_controller/Environment/base/case_api.cpp:413:25:[m[K [01;31m[Kerror: [m[Kâ€˜[01m[KfailMsg[m[Kâ€™ was not declared in this scope
[0.587s]   413 |                         [01;31m[KfailMsg[m[K += "è¡Œå·ï¼š" + std::to_string(part.line_number()) + " | é”™è¯¯ä¿¡æ¯ï¼š";
[0.587s]       |                         [01;31m[K^~~~~~~[m[K
[0.588s] [01m[K/home/lizhou/Desktop/Humanoid/H10_W/h10_sdk/H10w_controller/Environment/base/case_api.cpp:452:22:[m[K [01;31m[Kerror: [m[Kâ€˜[01m[KfailMsg[m[Kâ€™ was not declared in this scope
[0.588s]   452 |                 if (![01;31m[KfailMsg[m[K.empty() && failMsg.substr(failMsg.size() - 4) == "<br>")
[0.588s]       |                      [01;31m[K^~~~~~~[m[K
[0.749s] gmake[2]: *** [CMakeFiles/h10w_controller_test.dir/build.make:76ï¼šCMakeFiles/h10w_controller_test.dir/Environment/base/case_api.cpp.o] é”™è¯¯ 1
[0.749s] gmake[1]: *** [CMakeFiles/Makefile2:137ï¼šCMakeFiles/h10w_controller_test.dir/all] é”™è¯¯ 2
[0.749s] gmake: *** [Makefile:146ï¼šall] é”™è¯¯ 2
[0.751s] Invoked command in '/home/lizhou/Desktop/Humanoid/H10_W/h10_sdk/H10w_controller/build/h10w_controller_test' returned '2': CMAKE_PREFIX_PATH=${CMAKE_PREFIX_PATH}:/opt/ros/humble /usr/bin/cmake --build /home/lizhou/Desktop/Humanoid/H10_W/h10_sdk/H10w_controller/build/h10w_controller_test -- -j12 -l12
