[0.009s] Invoking command in '/home/lizhou/Desktop/Humanoid/H10_W/h10_sdk/H10w_controller/build/h10w_controller_test': CMAKE_PREFIX_PATH=${CMAKE_PREFIX_PATH}:/opt/ros/humble /usr/bin/cmake --build /home/lizhou/Desktop/Humanoid/H10_W/h10_sdk/H10w_controller/build/h10w_controller_test -- -j12 -l12
[0.064s] [35m[1mConsolidate compiler generated dependencies of target h10w_controller_test[0m
[0.121s] [  3%] [32mBuilding CXX object CMakeFiles/h10w_controller_test.dir/Environment/base/case_api.cpp.o[0m
[0.206s] In file included from [01m[K/home/lizhou/Desktop/Humanoid/H10_W/h10_sdk/H10w_controller/Environment/base/case_api.h:4[m[K,
[0.206s]                  from [01m[K/home/lizhou/Desktop/Humanoid/H10_W/h10_sdk/H10w_controller/Environment/base/case_api.cpp:1[m[K:
[0.207s] [01m[K/home/lizhou/Desktop/Humanoid/H10_W/h10_sdk/H10w_controller/Environment/base/case_def.h:20:76:[m[K [01;35m[Kwarning: [m[Kbackslash-newline at end of file
[0.207s]    20 | #define GTEST_CASE(case_group, case_name, desc)                            \
[0.207s]       |                                                                             
[0.585s] [01m[K/home/lizhou/Desktop/Humanoid/H10_W/h10_sdk/H10w_controller/Environment/base/case_api.cpp:[m[K In function â€˜[01m[Kbool save_html_report(const string&, const TestTaskConfig&)[m[Kâ€™:
[0.586s] [01m[K/home/lizhou/Desktop/Humanoid/H10_W/h10_sdk/H10w_controller/Environment/base/case_api.cpp:110:57:[m[K [01;31m[Kerror: [m[Kinvalid operands of types â€˜[01m[Kconst char*[m[Kâ€™ and â€˜[01m[Kconst char [4][m[Kâ€™ to binary â€˜[01m[Koperator+[m[Kâ€™
[0.586s]   110 |                 suite_fails.push_back([32m[Ktest_case->name()[m[K [01;31m[K+[m[K [34m[K"ï¼š"[m[K + fail_msg);
[0.586s]       |                                       [32m[K~~~~~~~~~~~~~~~~~[m[K [01;31m[K^[m[K [34m[K~~~~[m[K
[0.586s]       |                                                      [32m[K|[m[K    [34m[K|[m[K
[0.586s]       |                                                      [32m[K|[m[K    [34m[Kconst char [4][m[K
[0.586s]       |                                                      [32m[Kconst char*[m[K
[0.588s] [01m[K/home/lizhou/Desktop/Humanoid/H10_W/h10_sdk/H10w_controller/Environment/base/case_api.cpp:334:23:[m[K [01;31m[Kerror: [m[Kexpected â€˜[01m[K:[m[Kâ€™ before â€˜[01m[K;[m[Kâ€™ token
[0.588s]   334 |                     )"[01;31m[K;[m[K
[0.588s]       |                       [01;31m[K^[m[K
[0.588s]       |                       [32m[K:[m[K
[0.588s] [01m[K/home/lizhou/Desktop/Humanoid/H10_W/h10_sdk/H10w_controller/Environment/base/case_api.cpp:334:23:[m[K [01;31m[Kerror: [m[Kexpected primary-expression before â€˜[01m[K;[m[Kâ€™ token
[0.588s] [01m[K/home/lizhou/Desktop/Humanoid/H10_W/h10_sdk/H10w_controller/Environment/base/case_api.cpp:334:23:[m[K [01;31m[Kerror: [m[Kexpected â€˜[01m[K)[m[Kâ€™ before â€˜[01m[K;[m[Kâ€™ token
[0.588s]   334 |                     )"[01;31m[K;[m[K
[0.588s]       |                       [01;31m[K^[m[K
[0.588s]       |                       [32m[K)[m[K
[0.588s] [01m[K/home/lizhou/Desktop/Humanoid/H10_W/h10_sdk/H10w_controller/Environment/base/case_api.cpp:331:23:[m[K [01;36m[Knote: [m[Kto match this â€˜[01m[K([m[Kâ€™
[0.588s]   331 |                 )" << [01;36m[K([m[Kfailed > 0 ? R"(
[0.589s]       |                       [01;36m[K^[m[K
[0.741s] gmake[2]: *** [CMakeFiles/h10w_controller_test.dir/build.make:76ï¼šCMakeFiles/h10w_controller_test.dir/Environment/base/case_api.cpp.o] é”™è¯¯ 1
[0.741s] gmake[1]: *** [CMakeFiles/Makefile2:137ï¼šCMakeFiles/h10w_controller_test.dir/all] é”™è¯¯ 2
[0.741s] gmake: *** [Makefile:146ï¼šall] é”™è¯¯ 2
[0.743s] Invoked command in '/home/lizhou/Desktop/Humanoid/H10_W/h10_sdk/H10w_controller/build/h10w_controller_test' returned '2': CMAKE_PREFIX_PATH=${CMAKE_PREFIX_PATH}:/opt/ros/humble /usr/bin/cmake --build /home/lizhou/Desktop/Humanoid/H10_W/h10_sdk/H10w_controller/build/h10w_controller_test -- -j12 -l12
