In file included from [01m[K/home/lizhou/Desktop/Humanoid/H10_W/h10_sdk/H10w_controller/Environment/base/case_api.h:4[m[K,
                 from [01m[K/home/lizhou/Desktop/Humanoid/H10_W/h10_sdk/H10w_controller/Environment/base/case_api.cpp:1[m[K:
[01m[K/home/lizhou/Desktop/Humanoid/H10_W/h10_sdk/H10w_controller/Environment/base/case_def.h:36:96:[m[K [01;35m[Kwarning: [m[Kbackslash-newline at end of file
   36 | // if (g_test_config.case_type.empty() && (std::string(#case_group).substr(0, 4) != "auto")) { \
      |                                                                                                 
/usr/bin/ld: CMakeFiles/h10w_controller_test.dir/Environment/base/main.cpp.o: in function `is_robot_type(std::__cxx11::basic_string<char, std::char_traits<char>, std::allocator<char> > const&)':
main.cpp:(.text+0xf51): undefined reference to `g_test_config'
/usr/bin/ld: CMakeFiles/h10w_controller_test.dir/Environment/base/main.cpp.o: in function `main':
main.cpp:(.text+0x11a2): undefined reference to `g_test_config'
/usr/bin/ld: main.cpp:(.text+0x11d7): undefined reference to `g_test_config'
/usr/bin/ld: main.cpp:(.text+0x123b): undefined reference to `g_test_config'
/usr/bin/ld: main.cpp:(.text+0x1263): undefined reference to `g_test_config'
/usr/bin/ld: CMakeFiles/h10w_controller_test.dir/Environment/base/main.cpp.o:main.cpp:(.text+0x12bc): more undefined references to `g_test_config' follow
collect2: error: ld returned 1 exit status
gmake[2]: *** [CMakeFiles/h10w_controller_test.dir/build.make:690ï¼šh10w_controller_test] é”™è¯¯ 1
gmake[1]: *** [CMakeFiles/Makefile2:137ï¼šCMakeFiles/h10w_controller_test.dir/all] é”™è¯¯ 2
gmake: *** [Makefile:146ï¼šall] é”™è¯¯ 2
