[0.010s] Invoking command in '/home/lizhou/Desktop/Humanoid/H10_W/h10_sdk/H10w_controller/build/h10w_controller_test': CMAKE_PREFIX_PATH=${CMAKE_PREFIX_PATH}:/opt/ros/humble /usr/bin/cmake --build /home/lizhou/Desktop/Humanoid/H10_W/h10_sdk/H10w_controller/build/h10w_controller_test -- -j12 -l12
[0.061s] [35m[1mConsolidate compiler generated dependencies of target h10w_controller_test[0m
[0.128s] [  3%] [32mBuilding CXX object CMakeFiles/h10w_controller_test.dir/Environment/base/case_api.cpp.o[0m
[0.213s] In file included from [01m[K/home/lizhou/Desktop/Humanoid/H10_W/h10_sdk/H10w_controller/Environment/base/case_api.h:4[m[K,
[0.213s]                  from [01m[K/home/lizhou/Desktop/Humanoid/H10_W/h10_sdk/H10w_controller/Environment/base/case_api.cpp:1[m[K:
[0.213s] [01m[K/home/lizhou/Desktop/Humanoid/H10_W/h10_sdk/H10w_controller/Environment/base/case_def.h:36:96:[m[K [01;35m[Kwarning: [m[Kbackslash-newline at end of file
[0.213s]    36 | // if (g_test_config.case_type.empty() && (std::string(#case_group).substr(0, 4) != "auto")) { \
[0.213s]       |                                                                                                 
[0.751s] [  7%] [32m[1mLinking CXX executable h10w_controller_test[0m
[2.582s] /usr/bin/ld: CMakeFiles/h10w_controller_test.dir/Environment/base/main.cpp.o: in function `is_robot_type(std::__cxx11::basic_string<char, std::char_traits<char>, std::allocator<char> > const&)':
[2.582s] main.cpp:(.text+0xf51): undefined reference to `g_test_config'
[2.582s] /usr/bin/ld: CMakeFiles/h10w_controller_test.dir/Environment/base/main.cpp.o: in function `main':
[2.582s] main.cpp:(.text+0x11a2): undefined reference to `g_test_config'
[2.582s] /usr/bin/ld: main.cpp:(.text+0x11d7): undefined reference to `g_test_config'
[2.583s] /usr/bin/ld: main.cpp:(.text+0x123b): undefined reference to `g_test_config'
[2.583s] /usr/bin/ld: main.cpp:(.text+0x1263): undefined reference to `g_test_config'
[2.583s] /usr/bin/ld: CMakeFiles/h10w_controller_test.dir/Environment/base/main.cpp.o:main.cpp:(.text+0x12bc): more undefined references to `g_test_config' follow
[2.808s] collect2: error: ld returned 1 exit status
[2.810s] gmake[2]: *** [CMakeFiles/h10w_controller_test.dir/build.make:690ï¼šh10w_controller_test] é”™è¯¯ 1
[2.810s] gmake[1]: *** [CMakeFiles/Makefile2:137ï¼šCMakeFiles/h10w_controller_test.dir/all] é”™è¯¯ 2
[2.811s] gmake: *** [Makefile:146ï¼šall] é”™è¯¯ 2
[2.813s] Invoked command in '/home/lizhou/Desktop/Humanoid/H10_W/h10_sdk/H10w_controller/build/h10w_controller_test' returned '2': CMAKE_PREFIX_PATH=${CMAKE_PREFIX_PATH}:/opt/ros/humble /usr/bin/cmake --build /home/lizhou/Desktop/Humanoid/H10_W/h10_sdk/H10w_controller/build/h10w_controller_test -- -j12 -l12
