In file included from [01m[K/home/lizhou/Desktop/Humanoid/H10_W/h10_sdk/H10w_controller/Environment/base/case_api.h:4[m[K,
                 from [01m[K/home/lizhou/Desktop/Humanoid/H10_W/h10_sdk/H10w_controller/Environment/base/case_api.cpp:1[m[K:
[01m[K/home/lizhou/Desktop/Humanoid/H10_W/h10_sdk/H10w_controller/Environment/base/case_def.h:36:96:[m[K [01;35m[Kwarning: [m[Kbackslash-newline at end of file
   36 | // if (g_test_config.case_type.empty() && (std::string(#case_group).substr(0, 4) != "auto")) { \
      |                                                                                                 
In file included from [01m[K/home/lizhou/Desktop/Humanoid/H10_W/h10_sdk/H10w_controller/Environment/base/case_api.h:4[m[K,
                 from [01m[K/home/lizhou/Desktop/Humanoid/H10_W/h10_sdk/H10w_controller/Environment/base/main.h:14[m[K,
                 from [01m[K/home/lizhou/Desktop/Humanoid/H10_W/h10_sdk/H10w_controller/Environment/base/main.cpp:1[m[K:
[01m[K/home/lizhou/Desktop/Humanoid/H10_W/h10_sdk/H10w_controller/Environment/base/case_def.h:36:96:[m[K [01;35m[Kwarning: [m[Kbackslash-newline at end of file
   36 | // if (g_test_config.case_type.empty() && (std::string(#case_group).substr(0, 4) != "auto")) { \
      |                                                                                                 
[01m[K/home/lizhou/Desktop/Humanoid/H10_W/h10_sdk/H10w_controller/Environment/base/main.cpp:[m[K In function â€˜[01m[Kint main(int, char**)[m[Kâ€™:
[01m[K/home/lizhou/Desktop/Humanoid/H10_W/h10_sdk/H10w_controller/Environment/base/main.cpp:269:9:[m[K [01;31m[Kerror: [m[Kâ€˜[01m[Ksave_test_report[m[Kâ€™ was not declared in this scope; did you mean â€˜[01m[Ksave_html_report[m[Kâ€™?
  269 |         [01;31m[Ksave_test_report[m[K(g_test_config.report_path, g_test_config);
      |         [01;31m[K^~~~~~~~~~~~~~~~[m[K
      |         [32m[Ksave_html_report[m[K
gmake[2]: *** [CMakeFiles/h10w_controller_test.dir/build.make:90ï¼šCMakeFiles/h10w_controller_test.dir/Environment/base/main.cpp.o] é”™è¯¯ 1
gmake[2]: *** æ­£åœ¨ç­‰å¾…æœªå®Œæˆçš„ä»»åŠ¡....
In file included from [01m[K/home/lizhou/Desktop/Humanoid/H10_W/h10_sdk/H10w_controller/include_H10w/part_test/H10wRosClient.h:7[m[K,
                 from [01m[K/home/lizhou/Desktop/Humanoid/H10_W/h10_sdk/H10w_controller/include_H10w/part_test/H10wRosClient.cpp:8[m[K:
[01m[K/home/lizhou/Desktop/Humanoid/H10_W/h10_sdk/H10w_controller/include_H10w/part_test/H10Wglobalconstants.h:6:10:[m[K [01;31m[Kfatal error: [m[Kh1_sdk_base.h: æ²¡æœ‰é‚£ä¸ªæ–‡ä»¶æˆ–ç›®å½•
    6 | #include [01;31m[K"h1_sdk_base.h"[m[K
      |          [01;31m[K^~~~~~~~~~~~~~~[m[K
compilation terminated.
In file included from [01m[K/home/lizhou/Desktop/Humanoid/H10_W/h10_sdk/H10w_controller/include_H10w/part_test/H10wGrpcMove.h:10[m[K,
                 from [01m[K/home/lizhou/Desktop/Humanoid/H10_W/h10_sdk/H10w_controller/include_H10w/part_test/H10wGrpcMove.cpp:8[m[K:
[01m[K/home/lizhou/Desktop/Humanoid/H10_W/h10_sdk/H10w_controller/include_H10w/part_test/H10Wglobalconstants.h:6:10:[m[K [01;31m[Kfatal error: [m[Kh1_sdk_base.h: æ²¡æœ‰é‚£ä¸ªæ–‡ä»¶æˆ–ç›®å½•
    6 | #include [01;31m[K"h1_sdk_base.h"[m[K
      |          [01;31m[K^~~~~~~~~~~~~~~[m[K
compilation terminated.
gmake[2]: *** [CMakeFiles/h10w_controller_test.dir/build.make:342ï¼šCMakeFiles/h10w_controller_test.dir/include_H10w/part_test/H10wRosClient.cpp.o] é”™è¯¯ 1
gmake[2]: *** [CMakeFiles/h10w_controller_test.dir/build.make:328ï¼šCMakeFiles/h10w_controller_test.dir/include_H10w/part_test/H10wGrpcMove.cpp.o] é”™è¯¯ 1
gmake[1]: *** [CMakeFiles/Makefile2:137ï¼šCMakeFiles/h10w_controller_test.dir/all] é”™è¯¯ 2
gmake: *** [Makefile:146ï¼šall] é”™è¯¯ 2
