-- Found ament_cmake: 1.3.12 (/opt/ros/humble/share/ament_cmake/cmake)
-- Found rclcpp: 16.0.15 (/opt/ros/humble/share/rclcpp/cmake)
-- Found rosidl_generator_c: 3.1.7 (/opt/ros/humble/share/rosidl_generator_c/cmake)
-- Found rosidl_adapter: 3.1.7 (/opt/ros/humble/share/rosidl_adapter/cmake)
-- Found rosidl_generator_cpp: 3.1.7 (/opt/ros/humble/share/rosidl_generator_cpp/cmake)
-- Using all available rosidl_typesupport_c: rosidl_typesupport_fastrtps_c;rosidl_typesupport_introspection_c
-- Using all available rosidl_typesupport_cpp: rosidl_typesupport_fastrtps_cpp;rosidl_typesupport_introspection_cpp
-- Found rmw_implementation_cmake: 6.1.2 (/opt/ros/humble/share/rmw_implementation_cmake/cmake)
-- Found rmw_fastrtps_cpp: 6.2.8 (/opt/ros/humble/share/rmw_fastrtps_cpp/cmake)
-- Using RMW implementation 'rmw_fastrtps_cpp' as default
-- Found controller: 0.0.0 (/home/lizhou/Desktop/Humanoid/H10_W/h10_sdk/H10w_controller/fastdds_ws/install/share/controller/cmake)
-- Found ament_lint_auto: 0.12.14 (/opt/ros/humble/share/ament_lint_auto/cmake)
-- Added test 'cppcheck' to perform static code analysis on C / C++ code
-- Configured cppcheck include dirs: /home/lizhou/Desktop/Humanoid/H10_W/h10_sdk/H10w_controller/Environment/base;/home/lizhou/Desktop/Humanoid/H10_W/h10_sdk/H10w_controller/thirdparty/grpc/include;/home/lizhou/Desktop/Humanoid/H10_W/h10_sdk/H10w_controller/include_H10w;/home/lizhou/Desktop/Humanoid/H10_W/h10_sdk/H10w_controller/include_H10w/part_test;/home/lizhou/Desktop/Humanoid/H10_W/h10_sdk/H10w_controller/include_H10w/grpc_msg/grpc_ws/monitor;/home/lizhou/Desktop/Humanoid/H10_W/h10_sdk/H10w_controller/include_H10w/grpc_msg/grpc_ws/common;/home/lizhou/Desktop/Humanoid/H10_W/h10_sdk/H10w_controller/include_H10w/grpc_msg/fastdds_ws/src/controller;/home/lizhou/Desktop/Humanoid/H10_W/h10_sdk/H10w_controller/include_H10w/rpc_service;/home/lizhou/Desktop/Humanoid/H10_W/h10_sdk/H10w_controller/fastdds_ws/install/include/controller
-- Configured cppcheck exclude dirs and/or files: 
-- Added test 'flake8' to check Python code syntax and style conventions
-- Added test 'lint_cmake' to check CMake code style
-- Added test 'pep257' to check Python code against some of the docstring style conventions in PEP 257
-- Added test 'uncrustify' to check C / C++ code style
-- Configured uncrustify additional arguments: 
-- Added test 'xmllint' to check XML markup files
-- Configuring done
-- Generating done
-- Build files have been written to: /home/lizhou/Desktop/Humanoid/H10_W/h10_sdk/H10w_controller/build/h10w_controller_test
[ 17%] [32mBuilding CXX object CMakeFiles/h10w_controller_test.dir/include_H10w/grpc_msg/grpc_ws/common/grpc_pb_cpp/motion_service.pb.cc.o[0m
[ 17%] [32mBuilding CXX object CMakeFiles/h10w_controller_test.dir/Environment/base/main.cpp.o[0m
[ 17%] [32mBuilding CXX object CMakeFiles/h10w_controller_test.dir/include_H10w/grpc_msg/grpc_ws/common/grpc_pb_cpp/chassis_service.pb.cc.o[0m
[ 17%] [32mBuilding CXX object CMakeFiles/h10w_controller_test.dir/include_H10w/grpc_msg/grpc_ws/common/grpc_pb_cpp/params_service.grpc.pb.cc.o[0m
[ 25%] [32mBuilding CXX object CMakeFiles/h10w_controller_test.dir/include_H10w/grpc_msg/grpc_ws/common/grpc_pb_cpp/motion_service.grpc.pb.cc.o[0m
[ 25%] [32mBuilding CXX object CMakeFiles/h10w_controller_test.dir/include_H10w/grpc_msg/grpc_ws/common/grpc_pb_cpp/chassis_service.grpc.pb.cc.o[0m
[ 25%] [32mBuilding CXX object CMakeFiles/h10w_controller_test.dir/Environment/base/xmlHandler.cpp.o[0m
[ 28%] [32mBuilding CXX object CMakeFiles/h10w_controller_test.dir/include_H10w/grpc_msg/grpc_ws/common/grpc_pb_cpp/params_service.pb.cc.o[0m
[ 32%] [32mBuilding CXX object CMakeFiles/h10w_controller_test.dir/Environment/base/case_api.cpp.o[0m
[ 39%] [32mBuilding CXX object CMakeFiles/h10w_controller_test.dir/include_H10w/grpc_msg/grpc_ws/common/grpc_pb_cpp/system_service.pb.cc.o[0m
[ 39%] [32mBuilding CXX object CMakeFiles/h10w_controller_test.dir/include_H10w/grpc_msg/grpc_ws/common/grpc_pb_cpp/system_service.grpc.pb.cc.o[0m
[ 42%] [32mBuilding CXX object CMakeFiles/h10w_controller_test.dir/include_H10w/grpc_msg/grpc_ws/monitor/cpp/humanoid_monitor/humanoid_monitor.grpc.pb.cc.o[0m
In file included from [01m[K/home/lizhou/Desktop/Humanoid/H10_W/h10_sdk/H10w_controller/Environment/base/case_api.h:4[m[K,
                 from [01m[K/home/lizhou/Desktop/Humanoid/H10_W/h10_sdk/H10w_controller/Environment/base/case_api.cpp:1[m[K:
[01m[K/home/lizhou/Desktop/Humanoid/H10_W/h10_sdk/H10w_controller/Environment/base/case_def.h:36:96:[m[K [01;35m[Kwarning: [m[Kbackslash-newline at end of file
   36 | // if (g_test_config.case_type.empty() && (std::string(#case_group).substr(0, 4) != "auto")) { \
      |                                                                                                 
In file included from [01m[K/home/lizhou/Desktop/Humanoid/H10_W/h10_sdk/H10w_controller/Environment/base/case_api.h:4[m[K,
                 from [01m[K/home/lizhou/Desktop/Humanoid/H10_W/h10_sdk/H10w_controller/Environment/base/main.h:14[m[K,
                 from [01m[K/home/lizhou/Desktop/Humanoid/H10_W/h10_sdk/H10w_controller/Environment/base/main.cpp:1[m[K:
[01m[K/home/lizhou/Desktop/Humanoid/H10_W/h10_sdk/H10w_controller/Environment/base/case_def.h:36:96:[m[K [01;35m[Kwarning: [m[Kbackslash-newline at end of file
   36 | // if (g_test_config.case_type.empty() && (std::string(#case_group).substr(0, 4) != "auto")) { \
      |                                                                                                 
[ 46%] [32mBuilding CXX object CMakeFiles/h10w_controller_test.dir/include_H10w/grpc_msg/grpc_ws/monitor/cpp/humanoid_monitor/humanoid_monitor.pb.cc.o[0m
[ 50%] [32mBuilding CXX object CMakeFiles/h10w_controller_test.dir/include_H10w/grpc_msg/grpc_ws/monitor/cpp/humanoid_monitor/joint_pos_track_err.grpc.pb.cc.o[0m
[ 53%] [32mBuilding CXX object CMakeFiles/h10w_controller_test.dir/include_H10w/grpc_msg/grpc_ws/monitor/cpp/humanoid_monitor/joint_pos_track_err.pb.cc.o[0m
[ 57%] [32mBuilding CXX object CMakeFiles/h10w_controller_test.dir/include_H10w/grpc_msg/grpc_ws/monitor/cpp/humanoid_monitor/joint_speed_check.grpc.pb.cc.o[0m
[ 60%] [32mBuilding CXX object CMakeFiles/h10w_controller_test.dir/include_H10w/grpc_msg/grpc_ws/monitor/cpp/humanoid_monitor/joint_speed_check.pb.cc.o[0m
[01m[K/home/lizhou/Desktop/Humanoid/H10_W/h10_sdk/H10w_controller/Environment/base/main.cpp:[m[K In function ‚Äò[01m[Kint main(int, char**)[m[K‚Äô:
[01m[K/home/lizhou/Desktop/Humanoid/H10_W/h10_sdk/H10w_controller/Environment/base/main.cpp:269:9:[m[K [01;31m[Kerror: [m[K‚Äò[01m[Ksave_test_report[m[K‚Äô was not declared in this scope; did you mean ‚Äò[01m[Ksave_html_report[m[K‚Äô?
  269 |         [01;31m[Ksave_test_report[m[K(g_test_config.report_path, g_test_config);
      |         [01;31m[K^~~~~~~~~~~~~~~~[m[K
      |         [32m[Ksave_html_report[m[K
[ 64%] [32mBuilding CXX object CMakeFiles/h10w_controller_test.dir/include_H10w/part_test/DeviceControlServiceClient.cpp.o[0m
[ 67%] [32mBuilding CXX object CMakeFiles/h10w_controller_test.dir/include_H10w/part_test/H10wGrpcMove.cpp.o[0m
[ 71%] [32mBuilding CXX object CMakeFiles/h10w_controller_test.dir/include_H10w/part_test/H10wRosClient.cpp.o[0m
gmake[2]: *** [CMakeFiles/h10w_controller_test.dir/build.make:90ÔºöCMakeFiles/h10w_controller_test.dir/Environment/base/main.cpp.o] ÈîôËØØ 1
gmake[2]: *** Ê≠£Âú®Á≠âÂæÖÊú™ÂÆåÊàêÁöÑ‰ªªÂä°....
In file included from [01m[K/home/lizhou/Desktop/Humanoid/H10_W/h10_sdk/H10w_controller/include_H10w/part_test/H10wRosClient.h:7[m[K,
                 from [01m[K/home/lizhou/Desktop/Humanoid/H10_W/h10_sdk/H10w_controller/include_H10w/part_test/H10wRosClient.cpp:8[m[K:
[01m[K/home/lizhou/Desktop/Humanoid/H10_W/h10_sdk/H10w_controller/include_H10w/part_test/H10Wglobalconstants.h:6:10:[m[K [01;31m[Kfatal error: [m[Kh1_sdk_base.h: Ê≤°ÊúâÈÇ£‰∏™Êñá‰ª∂ÊàñÁõÆÂΩï
    6 | #include [01;31m[K"h1_sdk_base.h"[m[K
      |          [01;31m[K^~~~~~~~~~~~~~~[m[K
compilation terminated.
In file included from [01m[K/home/lizhou/Desktop/Humanoid/H10_W/h10_sdk/H10w_controller/include_H10w/part_test/H10wGrpcMove.h:10[m[K,
                 from [01m[K/home/lizhou/Desktop/Humanoid/H10_W/h10_sdk/H10w_controller/include_H10w/part_test/H10wGrpcMove.cpp:8[m[K:
[01m[K/home/lizhou/Desktop/Humanoid/H10_W/h10_sdk/H10w_controller/include_H10w/part_test/H10Wglobalconstants.h:6:10:[m[K [01;31m[Kfatal error: [m[Kh1_sdk_base.h: Ê≤°ÊúâÈÇ£‰∏™Êñá‰ª∂ÊàñÁõÆÂΩï
    6 | #include [01;31m[K"h1_sdk_base.h"[m[K
      |          [01;31m[K^~~~~~~~~~~~~~~[m[K
compilation terminated.
gmake[2]: *** [CMakeFiles/h10w_controller_test.dir/build.make:342ÔºöCMakeFiles/h10w_controller_test.dir/include_H10w/part_test/H10wRosClient.cpp.o] ÈîôËØØ 1
gmake[2]: *** [CMakeFiles/h10w_controller_test.dir/build.make:328ÔºöCMakeFiles/h10w_controller_test.dir/include_H10w/part_test/H10wGrpcMove.cpp.o] ÈîôËØØ 1
gmake[1]: *** [CMakeFiles/Makefile2:137ÔºöCMakeFiles/h10w_controller_test.dir/all] ÈîôËØØ 2
gmake: *** [Makefile:146Ôºöall] ÈîôËØØ 2
