[0.008s] Invoking command in '/home/lizhou/Desktop/Humanoid/H10_W/h10_sdk/H10w_controller/build/h10w_controller_test': CMAKE_PREFIX_PATH=${CMAKE_PREFIX_PATH}:/opt/ros/humble /usr/bin/cmake /home/lizhou/Desktop/Humanoid/H10_W/h10_sdk/H10w_controller -DCMAKE_INSTALL_PREFIX=/home/lizhou/Desktop/Humanoid/H10_W/h10_sdk/H10w_controller/install
[0.022s] -- Found ament_cmake: 1.3.12 (/opt/ros/humble/share/ament_cmake/cmake)
[0.131s] -- Found rclcpp: 16.0.15 (/opt/ros/humble/share/rclcpp/cmake)
[0.151s] -- Found rosidl_generator_c: 3.1.7 (/opt/ros/humble/share/rosidl_generator_c/cmake)
[0.152s] -- Found rosidl_adapter: 3.1.7 (/opt/ros/humble/share/rosidl_adapter/cmake)
[0.156s] -- Found rosidl_generator_cpp: 3.1.7 (/opt/ros/humble/share/rosidl_generator_cpp/cmake)
[0.162s] -- Using all available rosidl_typesupport_c: rosidl_typesupport_fastrtps_c;rosidl_typesupport_introspection_c
[0.170s] -- Using all available rosidl_typesupport_cpp: rosidl_typesupport_fastrtps_cpp;rosidl_typesupport_introspection_cpp
[0.190s] -- Found rmw_implementation_cmake: 6.1.2 (/opt/ros/humble/share/rmw_implementation_cmake/cmake)
[0.191s] -- Found rmw_fastrtps_cpp: 6.2.8 (/opt/ros/humble/share/rmw_fastrtps_cpp/cmake)
[0.270s] -- Using RMW implementation 'rmw_fastrtps_cpp' as default
[0.301s] -- Found controller: 0.0.0 (/home/lizhou/Desktop/Humanoid/H10_W/h10_sdk/H10w_controller/fastdds_ws/install/share/controller/cmake)
[0.332s] -- Found ament_lint_auto: 0.12.14 (/opt/ros/humble/share/ament_lint_auto/cmake)
[0.570s] -- Added test 'cppcheck' to perform static code analysis on C / C++ code
[0.571s] -- Configured cppcheck include dirs: /home/lizhou/Desktop/Humanoid/H10_W/h10_sdk/H10w_controller/Environment/base;/home/lizhou/Desktop/Humanoid/H10_W/h10_sdk/H10w_controller/thirdparty/grpc/include;/home/lizhou/Desktop/Humanoid/H10_W/h10_sdk/H10w_controller/include_H10w;/home/lizhou/Desktop/Humanoid/H10_W/h10_sdk/H10w_controller/include_H10w/part_test;/home/lizhou/Desktop/Humanoid/H10_W/h10_sdk/H10w_controller/include_H10w/grpc_msg/grpc_ws/monitor;/home/lizhou/Desktop/Humanoid/H10_W/h10_sdk/H10w_controller/include_H10w/grpc_msg/grpc_ws/common;/home/lizhou/Desktop/Humanoid/H10_W/h10_sdk/H10w_controller/include_H10w/grpc_msg/fastdds_ws/src/controller;/home/lizhou/Desktop/Humanoid/H10_W/h10_sdk/H10w_controller/include_H10w/rpc_service;/home/lizhou/Desktop/Humanoid/H10_W/h10_sdk/H10w_controller/fastdds_ws/install/include/controller
[0.571s] -- Configured cppcheck exclude dirs and/or files: 
[0.592s] -- Added test 'flake8' to check Python code syntax and style conventions
[0.637s] -- Added test 'lint_cmake' to check CMake code style
[0.658s] -- Added test 'pep257' to check Python code against some of the docstring style conventions in PEP 257
[0.831s] -- Added test 'uncrustify' to check C / C++ code style
[0.831s] -- Configured uncrustify additional arguments: 
[0.853s] -- Added test 'xmllint' to check XML markup files
[0.856s] -- Configuring done
[0.878s] -- Generating done
[0.885s] -- Build files have been written to: /home/lizhou/Desktop/Humanoid/H10_W/h10_sdk/H10w_controller/build/h10w_controller_test
[0.892s] Invoked command in '/home/lizhou/Desktop/Humanoid/H10_W/h10_sdk/H10w_controller/build/h10w_controller_test' returned '0': CMAKE_PREFIX_PATH=${CMAKE_PREFIX_PATH}:/opt/ros/humble /usr/bin/cmake /home/lizhou/Desktop/Humanoid/H10_W/h10_sdk/H10w_controller -DCMAKE_INSTALL_PREFIX=/home/lizhou/Desktop/Humanoid/H10_W/h10_sdk/H10w_controller/install
[0.894s] Invoking command in '/home/lizhou/Desktop/Humanoid/H10_W/h10_sdk/H10w_controller/build/h10w_controller_test': CMAKE_PREFIX_PATH=${CMAKE_PREFIX_PATH}:/opt/ros/humble /usr/bin/cmake --build /home/lizhou/Desktop/Humanoid/H10_W/h10_sdk/H10w_controller/build/h10w_controller_test -- -j12 -l12
[0.960s] [ 17%] [32mBuilding CXX object CMakeFiles/h10w_controller_test.dir/include_H10w/grpc_msg/grpc_ws/common/grpc_pb_cpp/motion_service.pb.cc.o[0m
[0.960s] [ 17%] [32mBuilding CXX object CMakeFiles/h10w_controller_test.dir/Environment/base/main.cpp.o[0m
[0.960s] [ 17%] [32mBuilding CXX object CMakeFiles/h10w_controller_test.dir/include_H10w/grpc_msg/grpc_ws/common/grpc_pb_cpp/chassis_service.pb.cc.o[0m
[0.960s] [ 17%] [32mBuilding CXX object CMakeFiles/h10w_controller_test.dir/include_H10w/grpc_msg/grpc_ws/common/grpc_pb_cpp/params_service.grpc.pb.cc.o[0m
[0.960s] [ 25%] [32mBuilding CXX object CMakeFiles/h10w_controller_test.dir/include_H10w/grpc_msg/grpc_ws/common/grpc_pb_cpp/motion_service.grpc.pb.cc.o[0m
[0.960s] [ 25%] [32mBuilding CXX object CMakeFiles/h10w_controller_test.dir/include_H10w/grpc_msg/grpc_ws/common/grpc_pb_cpp/chassis_service.grpc.pb.cc.o[0m
[0.960s] [ 25%] [32mBuilding CXX object CMakeFiles/h10w_controller_test.dir/Environment/base/xmlHandler.cpp.o[0m
[0.962s] [ 28%] [32mBuilding CXX object CMakeFiles/h10w_controller_test.dir/include_H10w/grpc_msg/grpc_ws/common/grpc_pb_cpp/params_service.pb.cc.o[0m
[0.965s] [ 32%] [32mBuilding CXX object CMakeFiles/h10w_controller_test.dir/Environment/base/case_api.cpp.o[0m
[0.973s] [ 39%] [32mBuilding CXX object CMakeFiles/h10w_controller_test.dir/include_H10w/grpc_msg/grpc_ws/common/grpc_pb_cpp/system_service.pb.cc.o[0m
[0.974s] [ 39%] [32mBuilding CXX object CMakeFiles/h10w_controller_test.dir/include_H10w/grpc_msg/grpc_ws/common/grpc_pb_cpp/system_service.grpc.pb.cc.o[0m
[0.974s] [ 42%] [32mBuilding CXX object CMakeFiles/h10w_controller_test.dir/include_H10w/grpc_msg/grpc_ws/monitor/cpp/humanoid_monitor/humanoid_monitor.grpc.pb.cc.o[0m
[1.199s] In file included from [01m[K/home/lizhou/Desktop/Humanoid/H10_W/h10_sdk/H10w_controller/Environment/base/case_api.h:4[m[K,
[1.199s]                  from [01m[K/home/lizhou/Desktop/Humanoid/H10_W/h10_sdk/H10w_controller/Environment/base/case_api.cpp:1[m[K:
[1.199s] [01m[K/home/lizhou/Desktop/Humanoid/H10_W/h10_sdk/H10w_controller/Environment/base/case_def.h:36:96:[m[K [01;35m[Kwarning: [m[Kbackslash-newline at end of file
[1.199s]    36 | // if (g_test_config.case_type.empty() && (std::string(#case_group).substr(0, 4) != "auto")) { \
[1.199s]       |                                                                                                 
[1.602s] In file included from [01m[K/home/lizhou/Desktop/Humanoid/H10_W/h10_sdk/H10w_controller/Environment/base/case_api.h:4[m[K,
[1.603s]                  from [01m[K/home/lizhou/Desktop/Humanoid/H10_W/h10_sdk/H10w_controller/Environment/base/main.h:14[m[K,
[1.603s]                  from [01m[K/home/lizhou/Desktop/Humanoid/H10_W/h10_sdk/H10w_controller/Environment/base/main.cpp:1[m[K:
[1.603s] [01m[K/home/lizhou/Desktop/Humanoid/H10_W/h10_sdk/H10w_controller/Environment/base/case_def.h:36:96:[m[K [01;35m[Kwarning: [m[Kbackslash-newline at end of file
[1.603s]    36 | // if (g_test_config.case_type.empty() && (std::string(#case_group).substr(0, 4) != "auto")) { \
[1.603s]       |                                                                                                 
[2.906s] [ 46%] [32mBuilding CXX object CMakeFiles/h10w_controller_test.dir/include_H10w/grpc_msg/grpc_ws/monitor/cpp/humanoid_monitor/humanoid_monitor.pb.cc.o[0m
[4.063s] [ 50%] [32mBuilding CXX object CMakeFiles/h10w_controller_test.dir/include_H10w/grpc_msg/grpc_ws/monitor/cpp/humanoid_monitor/joint_pos_track_err.grpc.pb.cc.o[0m
[5.366s] [ 53%] [32mBuilding CXX object CMakeFiles/h10w_controller_test.dir/include_H10w/grpc_msg/grpc_ws/monitor/cpp/humanoid_monitor/joint_pos_track_err.pb.cc.o[0m
[6.434s] [ 57%] [32mBuilding CXX object CMakeFiles/h10w_controller_test.dir/include_H10w/grpc_msg/grpc_ws/monitor/cpp/humanoid_monitor/joint_speed_check.grpc.pb.cc.o[0m
[8.585s] [ 60%] [32mBuilding CXX object CMakeFiles/h10w_controller_test.dir/include_H10w/grpc_msg/grpc_ws/monitor/cpp/humanoid_monitor/joint_speed_check.pb.cc.o[0m
[8.919s] [01m[K/home/lizhou/Desktop/Humanoid/H10_W/h10_sdk/H10w_controller/Environment/base/main.cpp:[m[K In function ‚Äò[01m[Kint main(int, char**)[m[K‚Äô:
[8.919s] [01m[K/home/lizhou/Desktop/Humanoid/H10_W/h10_sdk/H10w_controller/Environment/base/main.cpp:269:9:[m[K [01;31m[Kerror: [m[K‚Äò[01m[Ksave_test_report[m[K‚Äô was not declared in this scope; did you mean ‚Äò[01m[Ksave_html_report[m[K‚Äô?
[8.919s]   269 |         [01;31m[Ksave_test_report[m[K(g_test_config.report_path, g_test_config);
[8.919s]       |         [01;31m[K^~~~~~~~~~~~~~~~[m[K
[8.919s]       |         [32m[Ksave_html_report[m[K
[9.032s] [ 64%] [32mBuilding CXX object CMakeFiles/h10w_controller_test.dir/include_H10w/part_test/DeviceControlServiceClient.cpp.o[0m
[9.792s] [ 67%] [32mBuilding CXX object CMakeFiles/h10w_controller_test.dir/include_H10w/part_test/H10wGrpcMove.cpp.o[0m
[10.268s] [ 71%] [32mBuilding CXX object CMakeFiles/h10w_controller_test.dir/include_H10w/part_test/H10wRosClient.cpp.o[0m
[11.135s] gmake[2]: *** [CMakeFiles/h10w_controller_test.dir/build.make:90ÔºöCMakeFiles/h10w_controller_test.dir/Environment/base/main.cpp.o] ÈîôËØØ 1
[11.135s] gmake[2]: *** Ê≠£Âú®Á≠âÂæÖÊú™ÂÆåÊàêÁöÑ‰ªªÂä°....
[11.181s] In file included from [01m[K/home/lizhou/Desktop/Humanoid/H10_W/h10_sdk/H10w_controller/include_H10w/part_test/H10wRosClient.h:7[m[K,
[11.181s]                  from [01m[K/home/lizhou/Desktop/Humanoid/H10_W/h10_sdk/H10w_controller/include_H10w/part_test/H10wRosClient.cpp:8[m[K:
[11.181s] [01m[K/home/lizhou/Desktop/Humanoid/H10_W/h10_sdk/H10w_controller/include_H10w/part_test/H10Wglobalconstants.h:6:10:[m[K [01;31m[Kfatal error: [m[Kh1_sdk_base.h: Ê≤°ÊúâÈÇ£‰∏™Êñá‰ª∂ÊàñÁõÆÂΩï
[11.182s]     6 | #include [01;31m[K"h1_sdk_base.h"[m[K
[11.183s]       |          [01;31m[K^~~~~~~~~~~~~~~[m[K
[11.183s] compilation terminated.
[11.183s] In file included from [01m[K/home/lizhou/Desktop/Humanoid/H10_W/h10_sdk/H10w_controller/include_H10w/part_test/H10wGrpcMove.h:10[m[K,
[11.183s]                  from [01m[K/home/lizhou/Desktop/Humanoid/H10_W/h10_sdk/H10w_controller/include_H10w/part_test/H10wGrpcMove.cpp:8[m[K:
[11.183s] [01m[K/home/lizhou/Desktop/Humanoid/H10_W/h10_sdk/H10w_controller/include_H10w/part_test/H10Wglobalconstants.h:6:10:[m[K [01;31m[Kfatal error: [m[Kh1_sdk_base.h: Ê≤°ÊúâÈÇ£‰∏™Êñá‰ª∂ÊàñÁõÆÂΩï
[11.183s]     6 | #include [01;31m[K"h1_sdk_base.h"[m[K
[11.184s]       |          [01;31m[K^~~~~~~~~~~~~~~[m[K
[11.184s] compilation terminated.
[11.192s] gmake[2]: *** [CMakeFiles/h10w_controller_test.dir/build.make:342ÔºöCMakeFiles/h10w_controller_test.dir/include_H10w/part_test/H10wRosClient.cpp.o] ÈîôËØØ 1
[11.199s] gmake[2]: *** [CMakeFiles/h10w_controller_test.dir/build.make:328ÔºöCMakeFiles/h10w_controller_test.dir/include_H10w/part_test/H10wGrpcMove.cpp.o] ÈîôËØØ 1
[15.471s] gmake[1]: *** [CMakeFiles/Makefile2:137ÔºöCMakeFiles/h10w_controller_test.dir/all] ÈîôËØØ 2
[15.471s] gmake: *** [Makefile:146Ôºöall] ÈîôËØØ 2
[15.475s] Invoked command in '/home/lizhou/Desktop/Humanoid/H10_W/h10_sdk/H10w_controller/build/h10w_controller_test' returned '2': CMAKE_PREFIX_PATH=${CMAKE_PREFIX_PATH}:/opt/ros/humble /usr/bin/cmake --build /home/lizhou/Desktop/Humanoid/H10_W/h10_sdk/H10w_controller/build/h10w_controller_test -- -j12 -l12
