In file included from [01m[K/home/lizhou/Desktop/Humanoid/H10_W/h10_sdk/H10w_controller/Environment/base/case_api.h:4[m[K,
                 from [01m[K/home/lizhou/Desktop/Humanoid/H10_W/h10_sdk/H10w_controller/Environment/base/case_api.cpp:1[m[K:
[01m[K/home/lizhou/Desktop/Humanoid/H10_W/h10_sdk/H10w_controller/Environment/base/case_def.h:20:66:[m[K [01;35m[Kwarning: [m[Kbackslash-newline at end of file
   20 | #define GTEST_CASE(case_group, case_name, desc)                  \
      |                                                                   
[01m[K/home/lizhou/Desktop/Humanoid/H10_W/h10_sdk/H10w_controller/Environment/base/case_api.cpp:[m[K In function â€˜[01m[Kbool save_html_report(const string&, const TestTaskConfig&)[m[Kâ€™:
[01m[K/home/lizhou/Desktop/Humanoid/H10_W/h10_sdk/H10w_controller/Environment/base/case_api.cpp:469:43:[m[K [01;31m[Kerror: [m[Kâ€˜[01m[Kstd::ofstream[m[Kâ€™ {aka â€˜[01m[Kclass std::basic_ofstream<char>[m[Kâ€™} has no member named â€˜[01m[Kstr[m[Kâ€™
  469 |                 std::string content = ofs.[01;31m[Kstr[m[K();
      |                                           [01;31m[K^~~[m[K
[01m[K/home/lizhou/Desktop/Humanoid/H10_W/h10_sdk/H10w_controller/Environment/base/case_api.cpp:474:25:[m[K [01;31m[Kerror: [m[Kâ€˜[01m[Kstd::ofstream[m[Kâ€™ {aka â€˜[01m[Kclass std::basic_ofstream<char>[m[Kâ€™} has no member named â€˜[01m[Kstr[m[Kâ€™
  474 |                     ofs.[01;31m[Kstr[m[K("");
      |                         [01;31m[K^~~[m[K
gmake[2]: *** [CMakeFiles/h10w_controller_test.dir/build.make:76ï¼šCMakeFiles/h10w_controller_test.dir/Environment/base/case_api.cpp.o] é”™è¯¯ 1
gmake[1]: *** [CMakeFiles/Makefile2:137ï¼šCMakeFiles/h10w_controller_test.dir/all] é”™è¯¯ 2
gmake: *** [Makefile:146ï¼šall] é”™è¯¯ 2
